<?xml version="1.0" encoding="UTF-8"?>
<!-- Generated by org.testng.reporters.JUnitXMLReporter -->
<testsuite hostname="DESKTOP-OSQ54A4" ignored="0" name="Test" tests="6" failures="0" timestamp="2020-03-04T20:15:33 IST" time="221.73" errors="0">
  <testcase name="CreateLead" time="13.234" classname="testcases.TC_002_CreateLead"/>
  <testcase name="deleteLeads" time="44.04" classname="testcases.TC_004_DeleteLead"/>
  <testcase name="DuplicateLeads" time="25.656" classname="testcases.TC_005_DuplicateLead"/>
  <testcase name="EditLeads" time="26.678" classname="testcases.TC003_EditLead"/>
  <testcase name="EditLeads" time="25.185" classname="testcases.TC003_EditLead"/>
  <testcase name="loginLogout" time="0.666" classname="testcases.TC001_LoginLogout"/>
</testsuite> <!-- Test -->
