<?xml version="1.0" encoding="UTF-8"?>
<testng-results skipped="0" failed="0" ignored="0" total="6" passed="6">
  <reporter-output>
  </reporter-output>
  <suite name="Testleaf" duration-ms="216824" started-at="2020-03-04T20:18:34 IST" finished-at="2020-03-04T20:22:11 IST">
    <groups>
    </groups>
    <test name="Test" duration-ms="216824" started-at="2020-03-04T20:18:34 IST" finished-at="2020-03-04T20:22:11 IST">
      <class name="testcases.TC001_LoginLogout">
        <test-method status="PASS" signature="beforeTest()[pri:0, instance:testcases.TC001_LoginLogout@1205a84]" name="beforeTest" is-config="true" duration-ms="23" started-at="2020-03-04T20:18:35 IST" finished-at="2020-03-04T20:18:35 IST">
          <reporter-output>
          </reporter-output>
        </test-method> <!-- beforeTest -->
        <test-method status="PASS" signature="login(java.lang.String)[pri:0, instance:testcases.TC001_LoginLogout@1205a84]" name="login" is-config="true" duration-ms="11032" started-at="2020-03-04T20:22:00 IST" finished-at="2020-03-04T20:22:11 IST">
          <params>
            <param index="0">
              <value>
                <![CDATA[http://leaftaps.com/opentaps/control/main]]>
              </value>
            </param>
          </params>
          <reporter-output>
          </reporter-output>
        </test-method> <!-- login -->
        <test-method status="PASS" signature="loginLogout(java.lang.String, java.lang.String)[pri:0, instance:testcases.TC001_LoginLogout@1205a84]" name="loginLogout" duration-ms="614" started-at="2020-03-04T20:22:11 IST" data-provider="getData" finished-at="2020-03-04T20:22:11 IST">
          <params>
            <param index="0">
              <value>
                <![CDATA[demosalesmanager]]>
              </value>
            </param>
            <param index="1">
              <value>
                <![CDATA[crmsfa]]>
              </value>
            </param>
          </params>
          <reporter-output>
          </reporter-output>
        </test-method> <!-- loginLogout -->
        <test-method status="PASS" signature="closeBrowser()[pri:0, instance:testcases.TC001_LoginLogout@1205a84]" name="closeBrowser" is-config="true" duration-ms="151" started-at="2020-03-04T20:22:11 IST" finished-at="2020-03-04T20:22:11 IST">
          <reporter-output>
          </reporter-output>
        </test-method> <!-- closeBrowser -->
      </class> <!-- testcases.TC001_LoginLogout -->
      <class name="testcases.TC003_EditLead">
        <test-method status="PASS" signature="beforeTest()[pri:0, instance:testcases.TC003_EditLead@853265]" name="beforeTest" is-config="true" duration-ms="0" started-at="2020-03-04T20:18:35 IST" finished-at="2020-03-04T20:18:35 IST">
          <reporter-output>
          </reporter-output>
        </test-method> <!-- beforeTest -->
        <test-method status="PASS" signature="login(java.lang.String)[pri:0, instance:testcases.TC003_EditLead@853265]" name="login" is-config="true" duration-ms="10351" started-at="2020-03-04T20:20:38 IST" finished-at="2020-03-04T20:20:49 IST">
          <params>
            <param index="0">
              <value>
                <![CDATA[http://leaftaps.com/opentaps/control/main]]>
              </value>
            </param>
          </params>
          <reporter-output>
          </reporter-output>
        </test-method> <!-- login -->
        <test-method status="PASS" signature="EditLeads(java.lang.String, java.lang.String, java.lang.String, java.lang.String)[pri:0, instance:testcases.TC003_EditLead@853265]" name="EditLeads" duration-ms="26149" started-at="2020-03-04T20:20:49 IST" data-provider="getData" finished-at="2020-03-04T20:21:15 IST">
          <params>
            <param index="0">
              <value>
                <![CDATA[demosalesmanager]]>
              </value>
            </param>
            <param index="1">
              <value>
                <![CDATA[crmsfa]]>
              </value>
            </param>
            <param index="2">
              <value>
                <![CDATA[Abhijeet]]>
              </value>
            </param>
            <param index="3">
              <value>
                <![CDATA[Infosys]]>
              </value>
            </param>
          </params>
          <reporter-output>
          </reporter-output>
        </test-method> <!-- EditLeads -->
        <test-method status="PASS" signature="closeBrowser()[pri:0, instance:testcases.TC003_EditLead@853265]" name="closeBrowser" is-config="true" duration-ms="4101" started-at="2020-03-04T20:21:15 IST" finished-at="2020-03-04T20:21:19 IST">
          <reporter-output>
          </reporter-output>
        </test-method> <!-- closeBrowser -->
        <test-method status="PASS" signature="login(java.lang.String)[pri:0, instance:testcases.TC003_EditLead@853265]" name="login" is-config="true" duration-ms="10021" started-at="2020-03-04T20:21:19 IST" finished-at="2020-03-04T20:21:29 IST">
          <params>
            <param index="0">
              <value>
                <![CDATA[http://leaftaps.com/opentaps/control/main]]>
              </value>
            </param>
          </params>
          <reporter-output>
          </reporter-output>
        </test-method> <!-- login -->
        <test-method status="PASS" signature="EditLeads(java.lang.String, java.lang.String, java.lang.String, java.lang.String)[pri:0, instance:testcases.TC003_EditLead@853265]" name="EditLeads" duration-ms="26201" started-at="2020-03-04T20:21:29 IST" data-provider="getData" finished-at="2020-03-04T20:21:55 IST">
          <params>
            <param index="0">
              <value>
                <![CDATA[demosalesmanager]]>
              </value>
            </param>
            <param index="1">
              <value>
                <![CDATA[crmsfa]]>
              </value>
            </param>
            <param index="2">
              <value>
                <![CDATA[Abhijeet]]>
              </value>
            </param>
            <param index="3">
              <value>
                <![CDATA[Amazon]]>
              </value>
            </param>
          </params>
          <reporter-output>
          </reporter-output>
        </test-method> <!-- EditLeads -->
        <test-method status="PASS" signature="closeBrowser()[pri:0, instance:testcases.TC003_EditLead@853265]" name="closeBrowser" is-config="true" duration-ms="4111" started-at="2020-03-04T20:21:55 IST" finished-at="2020-03-04T20:21:59 IST">
          <reporter-output>
          </reporter-output>
        </test-method> <!-- closeBrowser -->
      </class> <!-- testcases.TC003_EditLead -->
      <class name="testcases.TC_005_DuplicateLead">
        <test-method status="PASS" signature="beforeTest()[pri:0, instance:testcases.TC_005_DuplicateLead@49835d]" name="beforeTest" is-config="true" duration-ms="1" started-at="2020-03-04T20:18:35 IST" finished-at="2020-03-04T20:18:35 IST">
          <reporter-output>
          </reporter-output>
        </test-method> <!-- beforeTest -->
        <test-method status="PASS" signature="login(java.lang.String)[pri:0, instance:testcases.TC_005_DuplicateLead@49835d]" name="login" is-config="true" duration-ms="10201" started-at="2020-03-04T20:19:58 IST" finished-at="2020-03-04T20:20:09 IST">
          <params>
            <param index="0">
              <value>
                <![CDATA[http://leaftaps.com/opentaps/control/main]]>
              </value>
            </param>
          </params>
          <reporter-output>
          </reporter-output>
        </test-method> <!-- login -->
        <test-method status="PASS" signature="DuplicateLeads(java.lang.String, java.lang.String, java.lang.String)[pri:0, instance:testcases.TC_005_DuplicateLead@49835d]" name="DuplicateLeads" duration-ms="25679" started-at="2020-03-04T20:20:09 IST" data-provider="getData" finished-at="2020-03-04T20:20:34 IST">
          <params>
            <param index="0">
              <value>
                <![CDATA[demosalesmanager]]>
              </value>
            </param>
            <param index="1">
              <value>
                <![CDATA[crmsfa]]>
              </value>
            </param>
            <param index="2">
              <value>
                <![CDATA[]]>
              </value>
            </param>
          </params>
          <reporter-output>
          </reporter-output>
        </test-method> <!-- DuplicateLeads -->
        <test-method status="PASS" signature="closeBrowser()[pri:0, instance:testcases.TC_005_DuplicateLead@49835d]" name="closeBrowser" is-config="true" duration-ms="4154" started-at="2020-03-04T20:20:34 IST" finished-at="2020-03-04T20:20:38 IST">
          <reporter-output>
          </reporter-output>
        </test-method> <!-- closeBrowser -->
      </class> <!-- testcases.TC_005_DuplicateLead -->
      <class name="testcases.TC_002_CreateLead">
        <test-method status="PASS" signature="setData()[pri:0, instance:testcases.TC_002_CreateLead@1660f4e]" name="setData" is-config="true" duration-ms="0" started-at="2020-03-04T20:18:35 IST" finished-at="2020-03-04T20:18:35 IST">
          <reporter-output>
          </reporter-output>
        </test-method> <!-- setData -->
        <test-method status="PASS" signature="login(java.lang.String)[pri:0, instance:testcases.TC_002_CreateLead@1660f4e]" name="login" is-config="true" duration-ms="10805" started-at="2020-03-04T20:18:35 IST" finished-at="2020-03-04T20:18:46 IST">
          <params>
            <param index="0">
              <value>
                <![CDATA[http://leaftaps.com/opentaps/control/main]]>
              </value>
            </param>
          </params>
          <reporter-output>
          </reporter-output>
        </test-method> <!-- login -->
        <test-method status="PASS" signature="CreateLead(java.lang.String, java.lang.String, java.lang.String, java.lang.String, java.lang.String)[pri:0, instance:testcases.TC_002_CreateLead@1660f4e]" name="CreateLead" duration-ms="11550" started-at="2020-03-04T20:18:46 IST" data-provider="getData" finished-at="2020-03-04T20:18:58 IST">
          <params>
            <param index="0">
              <value>
                <![CDATA[demosalesmanager]]>
              </value>
            </param>
            <param index="1">
              <value>
                <![CDATA[crmsfa]]>
              </value>
            </param>
            <param index="2">
              <value>
                <![CDATA[ChargeBee]]>
              </value>
            </param>
            <param index="3">
              <value>
                <![CDATA[Abhijeet]]>
              </value>
            </param>
            <param index="4">
              <value>
                <![CDATA[kumar]]>
              </value>
            </param>
          </params>
          <reporter-output>
          </reporter-output>
        </test-method> <!-- CreateLead -->
        <test-method status="PASS" signature="closeBrowser()[pri:0, instance:testcases.TC_002_CreateLead@1660f4e]" name="closeBrowser" is-config="true" duration-ms="4140" started-at="2020-03-04T20:18:58 IST" finished-at="2020-03-04T20:19:02 IST">
          <reporter-output>
          </reporter-output>
        </test-method> <!-- closeBrowser -->
      </class> <!-- testcases.TC_002_CreateLead -->
      <class name="testcases.TC_004_DeleteLead">
        <test-method status="PASS" signature="beforeTest()[pri:0, instance:testcases.TC_004_DeleteLead@8806ef]" name="beforeTest" is-config="true" duration-ms="0" started-at="2020-03-04T20:18:35 IST" finished-at="2020-03-04T20:18:35 IST">
          <reporter-output>
          </reporter-output>
        </test-method> <!-- beforeTest -->
        <test-method status="PASS" signature="login(java.lang.String)[pri:0, instance:testcases.TC_004_DeleteLead@8806ef]" name="login" is-config="true" duration-ms="10893" started-at="2020-03-04T20:19:02 IST" finished-at="2020-03-04T20:19:13 IST">
          <params>
            <param index="0">
              <value>
                <![CDATA[http://leaftaps.com/opentaps/control/main]]>
              </value>
            </param>
          </params>
          <reporter-output>
          </reporter-output>
        </test-method> <!-- login -->
        <test-method status="PASS" signature="deleteLeads(java.lang.String, java.lang.String, java.lang.String)[pri:0, instance:testcases.TC_004_DeleteLead@8806ef]" name="deleteLeads" duration-ms="41249" started-at="2020-03-04T20:19:13 IST" data-provider="getData" finished-at="2020-03-04T20:19:54 IST">
          <params>
            <param index="0">
              <value>
                <![CDATA[demosalesmanager]]>
              </value>
            </param>
            <param index="1">
              <value>
                <![CDATA[crmsfa]]>
              </value>
            </param>
            <param index="2">
              <value>
                <![CDATA[Abhijeet]]>
              </value>
            </param>
          </params>
          <reporter-output>
          </reporter-output>
        </test-method> <!-- deleteLeads -->
        <test-method status="PASS" signature="closeBrowser()[pri:0, instance:testcases.TC_004_DeleteLead@8806ef]" name="closeBrowser" is-config="true" duration-ms="4095" started-at="2020-03-04T20:19:54 IST" finished-at="2020-03-04T20:19:58 IST">
          <reporter-output>
          </reporter-output>
        </test-method> <!-- closeBrowser -->
      </class> <!-- testcases.TC_004_DeleteLead -->
    </test> <!-- Test -->
  </suite> <!-- Testleaf -->
</testng-results>
